<?xml version="1.0" encoding="UTF-8"?>
<testsuite xmlns:xsi="http://www.w3.org/2001/XMLSchema-instance" xsi:noNamespaceSchemaLocation="https://maven.apache.org/surefire/maven-surefire-plugin/xsd/surefire-test-report-3.0.xsd" version="3.0" name="ComponentTest" time="14.382" tests="2" errors="0" skipped="0" failures="0">
  <properties>
    <property name="sun.desktop" value="windows"/>
    <property name="awt.toolkit" value="sun.awt.windows.WToolkit"/>
    <property name="file.encoding.pkg" value="sun.io"/>
    <property name="java.specification.version" value="1.8"/>
    <property name="sun.cpu.isalist" value="amd64"/>
    <property name="sun.jnu.encoding" value="Cp1252"/>
    <property name="java.class.path" value="C:\Users\dev\.m2\repository\org\apache\maven\surefire\surefire-booter\3.0.0-M9\surefire-booter-3.0.0-M9.jar;C:\Users\dev\.m2\repository\org\apache\maven\surefire\surefire-api\3.0.0-M9\surefire-api-3.0.0-M9.jar;C:\Users\dev\.m2\repository\org\apache\maven\surefire\surefire-logger-api\3.0.0-M9\surefire-logger-api-3.0.0-M9.jar;C:\Users\dev\.m2\repository\org\apache\maven\surefire\surefire-shared-utils\3.0.0-M9\surefire-shared-utils-3.0.0-M9.jar;C:\Users\dev\.m2\repository\org\apache\maven\surefire\surefire-extensions-spi\3.0.0-M9\surefire-extensions-spi-3.0.0-M9.jar;C:\projects\current\code\369\3692\spark_test\target\test-classes;C:\projects\current\code\369\3692\spark_test\target\classes;C:\Users\dev\.m2\repository\org\apache\spark\spark-core_2.12\3.3.2\spark-core_2.12-3.3.2.jar;C:\Users\dev\.m2\repository\org\apache\avro\avro\1.11.0\avro-1.11.0.jar;C:\Users\dev\.m2\repository\com\fasterxml\jackson\core\jackson-core\2.12.5\jackson-core-2.12.5.jar;C:\Users\dev\.m2\repository\org\apache\commons\commons-compress\1.21\commons-compress-1.21.jar;C:\Users\dev\.m2\repository\org\apache\avro\avro-mapred\1.11.0\avro-mapred-1.11.0.jar;C:\Users\dev\.m2\repository\org\apache\avro\avro-ipc\1.11.0\avro-ipc-1.11.0.jar;C:\Users\dev\.m2\repository\org\tukaani\xz\1.9\xz-1.9.jar;C:\Users\dev\.m2\repository\com\twitter\chill_2.12\0.10.0\chill_2.12-0.10.0.jar;C:\Users\dev\.m2\repository\com\esotericsoftware\kryo-shaded\4.0.2\kryo-shaded-4.0.2.jar;C:\Users\dev\.m2\repository\com\esotericsoftware\minlog\1.3.0\minlog-1.3.0.jar;C:\Users\dev\.m2\repository\org\objenesis\objenesis\2.5.1\objenesis-2.5.1.jar;C:\Users\dev\.m2\repository\com\twitter\chill-java\0.10.0\chill-java-0.10.0.jar;C:\Users\dev\.m2\repository\org\apache\xbean\xbean-asm9-shaded\4.20\xbean-asm9-shaded-4.20.jar;C:\Users\dev\.m2\repository\org\apache\spark\spark-launcher_2.12\3.3.2\spark-launcher_2.12-3.3.2.jar;C:\Users\dev\.m2\repository\org\apache\spark\spark-kvstore_2.12\3.3.2\spark-kvstore_2.12-3.3.2.jar;C:\Users\dev\.m2\repository\org\fusesource\leveldbjni\leveldbjni-all\1.8\leveldbjni-all-1.8.jar;C:\Users\dev\.m2\repository\com\fasterxml\jackson\core\jackson-annotations\2.13.4\jackson-annotations-2.13.4.jar;C:\Users\dev\.m2\repository\org\apache\spark\spark-network-common_2.12\3.3.2\spark-network-common_2.12-3.3.2.jar;C:\Users\dev\.m2\repository\com\google\crypto\tink\tink\1.6.1\tink-1.6.1.jar;C:\Users\dev\.m2\repository\com\google\code\gson\gson\2.8.6\gson-2.8.6.jar;C:\Users\dev\.m2\repository\org\apache\spark\spark-network-shuffle_2.12\3.3.2\spark-network-shuffle_2.12-3.3.2.jar;C:\Users\dev\.m2\repository\org\apache\spark\spark-unsafe_2.12\3.3.2\spark-unsafe_2.12-3.3.2.jar;C:\Users\dev\.m2\repository\javax\activation\activation\1.1.1\activation-1.1.1.jar;C:\Users\dev\.m2\repository\org\apache\curator\curator-recipes\2.13.0\curator-recipes-2.13.0.jar;C:\Users\dev\.m2\repository\org\apache\curator\curator-framework\2.13.0\curator-framework-2.13.0.jar;C:\Users\dev\.m2\repository\org\apache\curator\curator-client\2.13.0\curator-client-2.13.0.jar;C:\Users\dev\.m2\repository\com\google\guava\guava\16.0.1\guava-16.0.1.jar;C:\Users\dev\.m2\repository\org\apache\zookeeper\zookeeper\3.6.2\zookeeper-3.6.2.jar;C:\Users\dev\.m2\repository\commons-lang\commons-lang\2.6\commons-lang-2.6.jar;C:\Users\dev\.m2\repository\org\apache\zookeeper\zookeeper-jute\3.6.2\zookeeper-jute-3.6.2.jar;C:\Users\dev\.m2\repository\org\apache\yetus\audience-annotations\0.5.0\audience-annotations-0.5.0.jar;C:\Users\dev\.m2\repository\jakarta\servlet\jakarta.servlet-api\4.0.3\jakarta.servlet-api-4.0.3.jar;C:\Users\dev\.m2\repository\commons-codec\commons-codec\1.15\commons-codec-1.15.jar;C:\Users\dev\.m2\repository\org\apache\commons\commons-lang3\3.12.0\commons-lang3-3.12.0.jar;C:\Users\dev\.m2\repository\org\apache\commons\commons-math3\3.6.1\commons-math3-3.6.1.jar;C:\Users\dev\.m2\repository\org\apache\commons\commons-text\1.10.0\commons-text-1.10.0.jar;C:\Users\dev\.m2\repository\commons-io\commons-io\2.11.0\commons-io-2.11.0.jar;C:\Users\dev\.m2\repository\commons-collections\commons-collections\3.2.2\commons-collections-3.2.2.jar;C:\Users\dev\.m2\repository\org\apache\commons\commons-collections4\4.4\commons-collections4-4.4.jar;C:\Users\dev\.m2\repository\com\google\code\findbugs\jsr305\3.0.0\jsr305-3.0.0.jar;C:\Users\dev\.m2\repository\org\slf4j\slf4j-api\1.7.32\slf4j-api-1.7.32.jar;C:\Users\dev\.m2\repository\org\slf4j\jul-to-slf4j\1.7.32\jul-to-slf4j-1.7.32.jar;C:\Users\dev\.m2\repository\org\slf4j\jcl-over-slf4j\1.7.32\jcl-over-slf4j-1.7.32.jar;C:\Users\dev\.m2\repository\org\apache\logging\log4j\log4j-slf4j-impl\2.17.2\log4j-slf4j-impl-2.17.2.jar;C:\Users\dev\.m2\repository\org\apache\logging\log4j\log4j-api\2.17.2\log4j-api-2.17.2.jar;C:\Users\dev\.m2\repository\org\apache\logging\log4j\log4j-core\2.17.2\log4j-core-2.17.2.jar;C:\Users\dev\.m2\repository\org\apache\logging\log4j\log4j-1.2-api\2.17.2\log4j-1.2-api-2.17.2.jar;C:\Users\dev\.m2\repository\com\ning\compress-lzf\1.1\compress-lzf-1.1.jar;C:\Users\dev\.m2\repository\org\xerial\snappy\snappy-java\1.1.8.4\snappy-java-1.1.8.4.jar;C:\Users\dev\.m2\repository\org\lz4\lz4-java\1.8.0\lz4-java-1.8.0.jar;C:\Users\dev\.m2\repository\com\github\luben\zstd-jni\1.5.2-1\zstd-jni-1.5.2-1.jar;C:\Users\dev\.m2\repository\org\roaringbitmap\RoaringBitmap\0.9.25\RoaringBitmap-0.9.25.jar;C:\Users\dev\.m2\repository\org\roaringbitmap\shims\0.9.25\shims-0.9.25.jar;C:\Users\dev\.m2\repository\org\scala-lang\modules\scala-xml_2.12\1.2.0\scala-xml_2.12-1.2.0.jar;C:\Users\dev\.m2\repository\org\scala-lang\scala-library\2.12.15\scala-library-2.12.15.jar;C:\Users\dev\.m2\repository\org\scala-lang\scala-reflect\2.12.15\scala-reflect-2.12.15.jar;C:\Users\dev\.m2\repository\org\json4s\json4s-jackson_2.12\3.7.0-M11\json4s-jackson_2.12-3.7.0-M11.jar;C:\Users\dev\.m2\repository\org\json4s\json4s-core_2.12\3.7.0-M11\json4s-core_2.12-3.7.0-M11.jar;C:\Users\dev\.m2\repository\org\json4s\json4s-ast_2.12\3.7.0-M11\json4s-ast_2.12-3.7.0-M11.jar;C:\Users\dev\.m2\repository\org\json4s\json4s-scalap_2.12\3.7.0-M11\json4s-scalap_2.12-3.7.0-M11.jar;C:\Users\dev\.m2\repository\org\glassfish\jersey\core\jersey-client\2.36\jersey-client-2.36.jar;C:\Users\dev\.m2\repository\jakarta\ws\rs\jakarta.ws.rs-api\2.1.6\jakarta.ws.rs-api-2.1.6.jar;C:\Users\dev\.m2\repository\org\glassfish\hk2\external\jakarta.inject\2.6.1\jakarta.inject-2.6.1.jar;C:\Users\dev\.m2\repository\org\glassfish\jersey\core\jersey-common\2.36\jersey-common-2.36.jar;C:\Users\dev\.m2\repository\jakarta\annotation\jakarta.annotation-api\1.3.5\jakarta.annotation-api-1.3.5.jar;C:\Users\dev\.m2\repository\org\glassfish\hk2\osgi-resource-locator\1.0.3\osgi-resource-locator-1.0.3.jar;C:\Users\dev\.m2\repository\org\glassfish\jersey\core\jersey-server\2.36\jersey-server-2.36.jar;C:\Users\dev\.m2\repository\jakarta\validation\jakarta.validation-api\2.0.2\jakarta.validation-api-2.0.2.jar;C:\Users\dev\.m2\repository\org\glassfish\jersey\containers\jersey-container-servlet\2.36\jersey-container-servlet-2.36.jar;C:\Users\dev\.m2\repository\org\glassfish\jersey\containers\jersey-container-servlet-core\2.36\jersey-container-servlet-core-2.36.jar;C:\Users\dev\.m2\repository\org\glassfish\jersey\inject\jersey-hk2\2.36\jersey-hk2-2.36.jar;C:\Users\dev\.m2\repository\org\glassfish\hk2\hk2-locator\2.6.1\hk2-locator-2.6.1.jar;C:\Users\dev\.m2\repository\org\glassfish\hk2\external\aopalliance-repackaged\2.6.1\aopalliance-repackaged-2.6.1.jar;C:\Users\dev\.m2\repository\org\glassfish\hk2\hk2-api\2.6.1\hk2-api-2.6.1.jar;C:\Users\dev\.m2\repository\org\glassfish\hk2\hk2-utils\2.6.1\hk2-utils-2.6.1.jar;C:\Users\dev\.m2\repository\org\javassist\javassist\3.25.0-GA\javassist-3.25.0-GA.jar;C:\Users\dev\.m2\repository\io\netty\netty-all\4.1.74.Final\netty-all-4.1.74.Final.jar;C:\Users\dev\.m2\repository\io\netty\netty-buffer\4.1.74.Final\netty-buffer-4.1.74.Final.jar;C:\Users\dev\.m2\repository\io\netty\netty-codec\4.1.74.Final\netty-codec-4.1.74.Final.jar;C:\Users\dev\.m2\repository\io\netty\netty-common\4.1.74.Final\netty-common-4.1.74.Final.jar;C:\Users\dev\.m2\repository\io\netty\netty-handler\4.1.74.Final\netty-handler-4.1.74.Final.jar;C:\Users\dev\.m2\repository\io\netty\netty-tcnative-classes\2.0.48.Final\netty-tcnative-classes-2.0.48.Final.jar;C:\Users\dev\.m2\repository\io\netty\netty-resolver\4.1.74.Final\netty-resolver-4.1.74.Final.jar;C:\Users\dev\.m2\repository\io\netty\netty-transport\4.1.74.Final\netty-transport-4.1.74.Final.jar;C:\Users\dev\.m2\repository\io\netty\netty-transport-classes-epoll\4.1.74.Final\netty-transport-classes-epoll-4.1.74.Final.jar;C:\Users\dev\.m2\repository\io\netty\netty-transport-native-unix-common\4.1.74.Final\netty-transport-native-unix-common-4.1.74.Final.jar;C:\Users\dev\.m2\repository\io\netty\netty-transport-classes-kqueue\4.1.74.Final\netty-transport-classes-kqueue-4.1.74.Final.jar;C:\Users\dev\.m2\repository\io\netty\netty-transport-native-epoll\4.1.74.Final\netty-transport-native-epoll-4.1.74.Final-linux-x86_64.jar;C:\Users\dev\.m2\repository\io\netty\netty-transport-native-epoll\4.1.74.Final\netty-transport-native-epoll-4.1.74.Final-linux-aarch_64.jar;C:\Users\dev\.m2\repository\io\netty\netty-transport-native-kqueue\4.1.74.Final\netty-transport-native-kqueue-4.1.74.Final-osx-x86_64.jar;C:\Users\dev\.m2\repository\io\netty\netty-transport-native-kqueue\4.1.74.Final\netty-transport-native-kqueue-4.1.74.Final-osx-aarch_64.jar;C:\Users\dev\.m2\repository\com\clearspring\analytics\stream\2.9.6\stream-2.9.6.jar;C:\Users\dev\.m2\repository\io\dropwizard\metrics\metrics-core\4.2.7\metrics-core-4.2.7.jar;C:\Users\dev\.m2\repository\io\dropwizard\metrics\metrics-jvm\4.2.7\metrics-jvm-4.2.7.jar;C:\Users\dev\.m2\repository\io\dropwizard\metrics\metrics-json\4.2.7\metrics-json-4.2.7.jar;C:\Users\dev\.m2\repository\io\dropwizard\metrics\metrics-graphite\4.2.7\metrics-graphite-4.2.7.jar;C:\Users\dev\.m2\repository\io\dropwizard\metrics\metrics-jmx\4.2.7\metrics-jmx-4.2.7.jar;C:\Users\dev\.m2\repository\com\fasterxml\jackson\core\jackson-databind\2.13.4.2\jackson-databind-2.13.4.2.jar;C:\Users\dev\.m2\repository\com\fasterxml\jackson\module\jackson-module-scala_2.12\2.13.4\jackson-module-scala_2.12-2.13.4.jar;C:\Users\dev\.m2\repository\com\thoughtworks\paranamer\paranamer\2.8\paranamer-2.8.jar;C:\Users\dev\.m2\repository\org\apache\ivy\ivy\2.5.1\ivy-2.5.1.jar;C:\Users\dev\.m2\repository\oro\oro\2.0.8\oro-2.0.8.jar;C:\Users\dev\.m2\repository\net\razorvine\pickle\1.2\pickle-1.2.jar;C:\Users\dev\.m2\repository\net\sf\py4j\py4j\0.10.9.5\py4j-0.10.9.5.jar;C:\Users\dev\.m2\repository\org\apache\spark\spark-tags_2.12\3.3.2\spark-tags_2.12-3.3.2.jar;C:\Users\dev\.m2\repository\org\apache\commons\commons-crypto\1.1.0\commons-crypto-1.1.0.jar;C:\Users\dev\.m2\repository\org\spark-project\spark\unused\1.0.0\unused-1.0.0.jar;C:\Users\dev\.m2\repository\org\apache\spark\spark-sql_2.12\3.3.2\spark-sql_2.12-3.3.2.jar;C:\Users\dev\.m2\repository\org\rocksdb\rocksdbjni\6.20.3\rocksdbjni-6.20.3.jar;C:\Users\dev\.m2\repository\com\univocity\univocity-parsers\2.9.1\univocity-parsers-2.9.1.jar;C:\Users\dev\.m2\repository\org\apache\spark\spark-sketch_2.12\3.3.2\spark-sketch_2.12-3.3.2.jar;C:\Users\dev\.m2\repository\org\apache\orc\orc-core\1.7.8\orc-core-1.7.8.jar;C:\Users\dev\.m2\repository\org\apache\orc\orc-shims\1.7.8\orc-shims-1.7.8.jar;C:\Users\dev\.m2\repository\com\google\protobuf\protobuf-java\2.5.0\protobuf-java-2.5.0.jar;C:\Users\dev\.m2\repository\io\airlift\aircompressor\0.21\aircompressor-0.21.jar;C:\Users\dev\.m2\repository\org\jetbrains\annotations\17.0.0\annotations-17.0.0.jar;C:\Users\dev\.m2\repository\org\threeten\threeten-extra\1.5.0\threeten-extra-1.5.0.jar;C:\Users\dev\.m2\repository\org\apache\orc\orc-mapreduce\1.7.8\orc-mapreduce-1.7.8.jar;C:\Users\dev\.m2\repository\org\apache\hive\hive-storage-api\2.7.2\hive-storage-api-2.7.2.jar;C:\Users\dev\.m2\repository\org\apache\parquet\parquet-column\1.12.2\parquet-column-1.12.2.jar;C:\Users\dev\.m2\repository\org\apache\parquet\parquet-common\1.12.2\parquet-common-1.12.2.jar;C:\Users\dev\.m2\repository\org\apache\parquet\parquet-encoding\1.12.2\parquet-encoding-1.12.2.jar;C:\Users\dev\.m2\repository\org\apache\parquet\parquet-hadoop\1.12.2\parquet-hadoop-1.12.2.jar;C:\Users\dev\.m2\repository\org\apache\parquet\parquet-format-structures\1.12.2\parquet-format-structures-1.12.2.jar;C:\Users\dev\.m2\repository\org\apache\parquet\parquet-jackson\1.12.2\parquet-jackson-1.12.2.jar;C:\Users\dev\.m2\repository\org\apache\spark\spark-catalyst_2.12\3.3.2\spark-catalyst_2.12-3.3.2.jar;C:\Users\dev\.m2\repository\org\scala-lang\modules\scala-parser-combinators_2.12\1.1.2\scala-parser-combinators_2.12-1.1.2.jar;C:\Users\dev\.m2\repository\org\codehaus\janino\janino\3.0.16\janino-3.0.16.jar;C:\Users\dev\.m2\repository\org\codehaus\janino\commons-compiler\3.0.16\commons-compiler-3.0.16.jar;C:\Users\dev\.m2\repository\org\antlr\antlr4-runtime\4.8\antlr4-runtime-4.8.jar;C:\Users\dev\.m2\repository\org\apache\arrow\arrow-vector\7.0.0\arrow-vector-7.0.0.jar;C:\Users\dev\.m2\repository\org\apache\arrow\arrow-format\7.0.0\arrow-format-7.0.0.jar;C:\Users\dev\.m2\repository\org\apache\arrow\arrow-memory-core\7.0.0\arrow-memory-core-7.0.0.jar;C:\Users\dev\.m2\repository\com\google\flatbuffers\flatbuffers-java\1.12.0\flatbuffers-java-1.12.0.jar;C:\Users\dev\.m2\repository\org\apache\arrow\arrow-memory-netty\7.0.0\arrow-memory-netty-7.0.0.jar;C:\Users\dev\.m2\repository\org\apache\hadoop\hadoop-client-api\3.3.4\hadoop-client-api-3.3.4.jar;C:\Users\dev\.m2\repository\org\apache\hadoop\hadoop-client-runtime\3.3.4\hadoop-client-runtime-3.3.4.jar;C:\Users\dev\.m2\repository\commons-logging\commons-logging\1.1.3\commons-logging-1.1.3.jar;C:\Users\dev\.m2\repository\junit\junit\4.13.2\junit-4.13.2.jar;C:\Users\dev\.m2\repository\org\hamcrest\hamcrest-core\1.3\hamcrest-core-1.3.jar;C:\Users\dev\.m2\repository\org\apache\maven\surefire\surefire-junit4\3.0.0-M9\surefire-junit4-3.0.0-M9.jar;C:\Users\dev\.m2\repository\org\apache\maven\surefire\common-java5\3.0.0-M9\common-java5-3.0.0-M9.jar;C:\Users\dev\.m2\repository\org\apache\maven\surefire\common-junit3\3.0.0-M9\common-junit3-3.0.0-M9.jar;C:\Users\dev\.m2\repository\org\apache\maven\surefire\common-junit4\3.0.0-M9\common-junit4-3.0.0-M9.jar"/>
    <property name="java.vm.vendor" value="Oracle Corporation"/>
    <property name="sun.arch.data.model" value="64"/>
    <property name="user.variant" value=""/>
    <property name="java.vendor.url" value="https://java.oracle.com/"/>
    <property name="user.timezone" value="America/New_York"/>
    <property name="spark.sql.adaptive.enabled" value="false"/>
    <property name="java.vm.specification.version" value="1.8"/>
    <property name="os.name" value="Windows 10"/>
    <property name="user.country" value="US"/>
    <property name="sun.java.launcher" value="SUN_STANDARD"/>
    <property name="sun.boot.library.path" value="C:\devtool\jdk8\jre\bin"/>
    <property name="sun.java.command" value="org.apache.maven.surefire.booter.ForkedBooter C:\Users\dev\AppData\Local\Temp\surefire5053250323940117722 2025-10-17T02-16-01_389-jvmRun1 surefire-20251017021601951_1tmp surefire_0-20251017021601951_2tmp"/>
    <property name="spark.master" value="local[1]"/>
    <property name="surefire.test.class.path" value="C:\projects\current\code\369\3692\spark_test\target\test-classes;C:\projects\current\code\369\3692\spark_test\target\classes;C:\Users\dev\.m2\repository\org\apache\spark\spark-core_2.12\3.3.2\spark-core_2.12-3.3.2.jar;C:\Users\dev\.m2\repository\org\apache\avro\avro\1.11.0\avro-1.11.0.jar;C:\Users\dev\.m2\repository\com\fasterxml\jackson\core\jackson-core\2.12.5\jackson-core-2.12.5.jar;C:\Users\dev\.m2\repository\org\apache\commons\commons-compress\1.21\commons-compress-1.21.jar;C:\Users\dev\.m2\repository\org\apache\avro\avro-mapred\1.11.0\avro-mapred-1.11.0.jar;C:\Users\dev\.m2\repository\org\apache\avro\avro-ipc\1.11.0\avro-ipc-1.11.0.jar;C:\Users\dev\.m2\repository\org\tukaani\xz\1.9\xz-1.9.jar;C:\Users\dev\.m2\repository\com\twitter\chill_2.12\0.10.0\chill_2.12-0.10.0.jar;C:\Users\dev\.m2\repository\com\esotericsoftware\kryo-shaded\4.0.2\kryo-shaded-4.0.2.jar;C:\Users\dev\.m2\repository\com\esotericsoftware\minlog\1.3.0\minlog-1.3.0.jar;C:\Users\dev\.m2\repository\org\objenesis\objenesis\2.5.1\objenesis-2.5.1.jar;C:\Users\dev\.m2\repository\com\twitter\chill-java\0.10.0\chill-java-0.10.0.jar;C:\Users\dev\.m2\repository\org\apache\xbean\xbean-asm9-shaded\4.20\xbean-asm9-shaded-4.20.jar;C:\Users\dev\.m2\repository\org\apache\spark\spark-launcher_2.12\3.3.2\spark-launcher_2.12-3.3.2.jar;C:\Users\dev\.m2\repository\org\apache\spark\spark-kvstore_2.12\3.3.2\spark-kvstore_2.12-3.3.2.jar;C:\Users\dev\.m2\repository\org\fusesource\leveldbjni\leveldbjni-all\1.8\leveldbjni-all-1.8.jar;C:\Users\dev\.m2\repository\com\fasterxml\jackson\core\jackson-annotations\2.13.4\jackson-annotations-2.13.4.jar;C:\Users\dev\.m2\repository\org\apache\spark\spark-network-common_2.12\3.3.2\spark-network-common_2.12-3.3.2.jar;C:\Users\dev\.m2\repository\com\google\crypto\tink\tink\1.6.1\tink-1.6.1.jar;C:\Users\dev\.m2\repository\com\google\code\gson\gson\2.8.6\gson-2.8.6.jar;C:\Users\dev\.m2\repository\org\apache\spark\spark-network-shuffle_2.12\3.3.2\spark-network-shuffle_2.12-3.3.2.jar;C:\Users\dev\.m2\repository\org\apache\spark\spark-unsafe_2.12\3.3.2\spark-unsafe_2.12-3.3.2.jar;C:\Users\dev\.m2\repository\javax\activation\activation\1.1.1\activation-1.1.1.jar;C:\Users\dev\.m2\repository\org\apache\curator\curator-recipes\2.13.0\curator-recipes-2.13.0.jar;C:\Users\dev\.m2\repository\org\apache\curator\curator-framework\2.13.0\curator-framework-2.13.0.jar;C:\Users\dev\.m2\repository\org\apache\curator\curator-client\2.13.0\curator-client-2.13.0.jar;C:\Users\dev\.m2\repository\com\google\guava\guava\16.0.1\guava-16.0.1.jar;C:\Users\dev\.m2\repository\org\apache\zookeeper\zookeeper\3.6.2\zookeeper-3.6.2.jar;C:\Users\dev\.m2\repository\commons-lang\commons-lang\2.6\commons-lang-2.6.jar;C:\Users\dev\.m2\repository\org\apache\zookeeper\zookeeper-jute\3.6.2\zookeeper-jute-3.6.2.jar;C:\Users\dev\.m2\repository\org\apache\yetus\audience-annotations\0.5.0\audience-annotations-0.5.0.jar;C:\Users\dev\.m2\repository\jakarta\servlet\jakarta.servlet-api\4.0.3\jakarta.servlet-api-4.0.3.jar;C:\Users\dev\.m2\repository\commons-codec\commons-codec\1.15\commons-codec-1.15.jar;C:\Users\dev\.m2\repository\org\apache\commons\commons-lang3\3.12.0\commons-lang3-3.12.0.jar;C:\Users\dev\.m2\repository\org\apache\commons\commons-math3\3.6.1\commons-math3-3.6.1.jar;C:\Users\dev\.m2\repository\org\apache\commons\commons-text\1.10.0\commons-text-1.10.0.jar;C:\Users\dev\.m2\repository\commons-io\commons-io\2.11.0\commons-io-2.11.0.jar;C:\Users\dev\.m2\repository\commons-collections\commons-collections\3.2.2\commons-collections-3.2.2.jar;C:\Users\dev\.m2\repository\org\apache\commons\commons-collections4\4.4\commons-collections4-4.4.jar;C:\Users\dev\.m2\repository\com\google\code\findbugs\jsr305\3.0.0\jsr305-3.0.0.jar;C:\Users\dev\.m2\repository\org\slf4j\slf4j-api\1.7.32\slf4j-api-1.7.32.jar;C:\Users\dev\.m2\repository\org\slf4j\jul-to-slf4j\1.7.32\jul-to-slf4j-1.7.32.jar;C:\Users\dev\.m2\repository\org\slf4j\jcl-over-slf4j\1.7.32\jcl-over-slf4j-1.7.32.jar;C:\Users\dev\.m2\repository\org\apache\logging\log4j\log4j-slf4j-impl\2.17.2\log4j-slf4j-impl-2.17.2.jar;C:\Users\dev\.m2\repository\org\apache\logging\log4j\log4j-api\2.17.2\log4j-api-2.17.2.jar;C:\Users\dev\.m2\repository\org\apache\logging\log4j\log4j-core\2.17.2\log4j-core-2.17.2.jar;C:\Users\dev\.m2\repository\org\apache\logging\log4j\log4j-1.2-api\2.17.2\log4j-1.2-api-2.17.2.jar;C:\Users\dev\.m2\repository\com\ning\compress-lzf\1.1\compress-lzf-1.1.jar;C:\Users\dev\.m2\repository\org\xerial\snappy\snappy-java\1.1.8.4\snappy-java-1.1.8.4.jar;C:\Users\dev\.m2\repository\org\lz4\lz4-java\1.8.0\lz4-java-1.8.0.jar;C:\Users\dev\.m2\repository\com\github\luben\zstd-jni\1.5.2-1\zstd-jni-1.5.2-1.jar;C:\Users\dev\.m2\repository\org\roaringbitmap\RoaringBitmap\0.9.25\RoaringBitmap-0.9.25.jar;C:\Users\dev\.m2\repository\org\roaringbitmap\shims\0.9.25\shims-0.9.25.jar;C:\Users\dev\.m2\repository\org\scala-lang\modules\scala-xml_2.12\1.2.0\scala-xml_2.12-1.2.0.jar;C:\Users\dev\.m2\repository\org\scala-lang\scala-library\2.12.15\scala-library-2.12.15.jar;C:\Users\dev\.m2\repository\org\scala-lang\scala-reflect\2.12.15\scala-reflect-2.12.15.jar;C:\Users\dev\.m2\repository\org\json4s\json4s-jackson_2.12\3.7.0-M11\json4s-jackson_2.12-3.7.0-M11.jar;C:\Users\dev\.m2\repository\org\json4s\json4s-core_2.12\3.7.0-M11\json4s-core_2.12-3.7.0-M11.jar;C:\Users\dev\.m2\repository\org\json4s\json4s-ast_2.12\3.7.0-M11\json4s-ast_2.12-3.7.0-M11.jar;C:\Users\dev\.m2\repository\org\json4s\json4s-scalap_2.12\3.7.0-M11\json4s-scalap_2.12-3.7.0-M11.jar;C:\Users\dev\.m2\repository\org\glassfish\jersey\core\jersey-client\2.36\jersey-client-2.36.jar;C:\Users\dev\.m2\repository\jakarta\ws\rs\jakarta.ws.rs-api\2.1.6\jakarta.ws.rs-api-2.1.6.jar;C:\Users\dev\.m2\repository\org\glassfish\hk2\external\jakarta.inject\2.6.1\jakarta.inject-2.6.1.jar;C:\Users\dev\.m2\repository\org\glassfish\jersey\core\jersey-common\2.36\jersey-common-2.36.jar;C:\Users\dev\.m2\repository\jakarta\annotation\jakarta.annotation-api\1.3.5\jakarta.annotation-api-1.3.5.jar;C:\Users\dev\.m2\repository\org\glassfish\hk2\osgi-resource-locator\1.0.3\osgi-resource-locator-1.0.3.jar;C:\Users\dev\.m2\repository\org\glassfish\jersey\core\jersey-server\2.36\jersey-server-2.36.jar;C:\Users\dev\.m2\repository\jakarta\validation\jakarta.validation-api\2.0.2\jakarta.validation-api-2.0.2.jar;C:\Users\dev\.m2\repository\org\glassfish\jersey\containers\jersey-container-servlet\2.36\jersey-container-servlet-2.36.jar;C:\Users\dev\.m2\repository\org\glassfish\jersey\containers\jersey-container-servlet-core\2.36\jersey-container-servlet-core-2.36.jar;C:\Users\dev\.m2\repository\org\glassfish\jersey\inject\jersey-hk2\2.36\jersey-hk2-2.36.jar;C:\Users\dev\.m2\repository\org\glassfish\hk2\hk2-locator\2.6.1\hk2-locator-2.6.1.jar;C:\Users\dev\.m2\repository\org\glassfish\hk2\external\aopalliance-repackaged\2.6.1\aopalliance-repackaged-2.6.1.jar;C:\Users\dev\.m2\repository\org\glassfish\hk2\hk2-api\2.6.1\hk2-api-2.6.1.jar;C:\Users\dev\.m2\repository\org\glassfish\hk2\hk2-utils\2.6.1\hk2-utils-2.6.1.jar;C:\Users\dev\.m2\repository\org\javassist\javassist\3.25.0-GA\javassist-3.25.0-GA.jar;C:\Users\dev\.m2\repository\io\netty\netty-all\4.1.74.Final\netty-all-4.1.74.Final.jar;C:\Users\dev\.m2\repository\io\netty\netty-buffer\4.1.74.Final\netty-buffer-4.1.74.Final.jar;C:\Users\dev\.m2\repository\io\netty\netty-codec\4.1.74.Final\netty-codec-4.1.74.Final.jar;C:\Users\dev\.m2\repository\io\netty\netty-common\4.1.74.Final\netty-common-4.1.74.Final.jar;C:\Users\dev\.m2\repository\io\netty\netty-handler\4.1.74.Final\netty-handler-4.1.74.Final.jar;C:\Users\dev\.m2\repository\io\netty\netty-tcnative-classes\2.0.48.Final\netty-tcnative-classes-2.0.48.Final.jar;C:\Users\dev\.m2\repository\io\netty\netty-resolver\4.1.74.Final\netty-resolver-4.1.74.Final.jar;C:\Users\dev\.m2\repository\io\netty\netty-transport\4.1.74.Final\netty-transport-4.1.74.Final.jar;C:\Users\dev\.m2\repository\io\netty\netty-transport-classes-epoll\4.1.74.Final\netty-transport-classes-epoll-4.1.74.Final.jar;C:\Users\dev\.m2\repository\io\netty\netty-transport-native-unix-common\4.1.74.Final\netty-transport-native-unix-common-4.1.74.Final.jar;C:\Users\dev\.m2\repository\io\netty\netty-transport-classes-kqueue\4.1.74.Final\netty-transport-classes-kqueue-4.1.74.Final.jar;C:\Users\dev\.m2\repository\io\netty\netty-transport-native-epoll\4.1.74.Final\netty-transport-native-epoll-4.1.74.Final-linux-x86_64.jar;C:\Users\dev\.m2\repository\io\netty\netty-transport-native-epoll\4.1.74.Final\netty-transport-native-epoll-4.1.74.Final-linux-aarch_64.jar;C:\Users\dev\.m2\repository\io\netty\netty-transport-native-kqueue\4.1.74.Final\netty-transport-native-kqueue-4.1.74.Final-osx-x86_64.jar;C:\Users\dev\.m2\repository\io\netty\netty-transport-native-kqueue\4.1.74.Final\netty-transport-native-kqueue-4.1.74.Final-osx-aarch_64.jar;C:\Users\dev\.m2\repository\com\clearspring\analytics\stream\2.9.6\stream-2.9.6.jar;C:\Users\dev\.m2\repository\io\dropwizard\metrics\metrics-core\4.2.7\metrics-core-4.2.7.jar;C:\Users\dev\.m2\repository\io\dropwizard\metrics\metrics-jvm\4.2.7\metrics-jvm-4.2.7.jar;C:\Users\dev\.m2\repository\io\dropwizard\metrics\metrics-json\4.2.7\metrics-json-4.2.7.jar;C:\Users\dev\.m2\repository\io\dropwizard\metrics\metrics-graphite\4.2.7\metrics-graphite-4.2.7.jar;C:\Users\dev\.m2\repository\io\dropwizard\metrics\metrics-jmx\4.2.7\metrics-jmx-4.2.7.jar;C:\Users\dev\.m2\repository\com\fasterxml\jackson\core\jackson-databind\2.13.4.2\jackson-databind-2.13.4.2.jar;C:\Users\dev\.m2\repository\com\fasterxml\jackson\module\jackson-module-scala_2.12\2.13.4\jackson-module-scala_2.12-2.13.4.jar;C:\Users\dev\.m2\repository\com\thoughtworks\paranamer\paranamer\2.8\paranamer-2.8.jar;C:\Users\dev\.m2\repository\org\apache\ivy\ivy\2.5.1\ivy-2.5.1.jar;C:\Users\dev\.m2\repository\oro\oro\2.0.8\oro-2.0.8.jar;C:\Users\dev\.m2\repository\net\razorvine\pickle\1.2\pickle-1.2.jar;C:\Users\dev\.m2\repository\net\sf\py4j\py4j\0.10.9.5\py4j-0.10.9.5.jar;C:\Users\dev\.m2\repository\org\apache\spark\spark-tags_2.12\3.3.2\spark-tags_2.12-3.3.2.jar;C:\Users\dev\.m2\repository\org\apache\commons\commons-crypto\1.1.0\commons-crypto-1.1.0.jar;C:\Users\dev\.m2\repository\org\spark-project\spark\unused\1.0.0\unused-1.0.0.jar;C:\Users\dev\.m2\repository\org\apache\spark\spark-sql_2.12\3.3.2\spark-sql_2.12-3.3.2.jar;C:\Users\dev\.m2\repository\org\rocksdb\rocksdbjni\6.20.3\rocksdbjni-6.20.3.jar;C:\Users\dev\.m2\repository\com\univocity\univocity-parsers\2.9.1\univocity-parsers-2.9.1.jar;C:\Users\dev\.m2\repository\org\apache\spark\spark-sketch_2.12\3.3.2\spark-sketch_2.12-3.3.2.jar;C:\Users\dev\.m2\repository\org\apache\orc\orc-core\1.7.8\orc-core-1.7.8.jar;C:\Users\dev\.m2\repository\org\apache\orc\orc-shims\1.7.8\orc-shims-1.7.8.jar;C:\Users\dev\.m2\repository\com\google\protobuf\protobuf-java\2.5.0\protobuf-java-2.5.0.jar;C:\Users\dev\.m2\repository\io\airlift\aircompressor\0.21\aircompressor-0.21.jar;C:\Users\dev\.m2\repository\org\jetbrains\annotations\17.0.0\annotations-17.0.0.jar;C:\Users\dev\.m2\repository\org\threeten\threeten-extra\1.5.0\threeten-extra-1.5.0.jar;C:\Users\dev\.m2\repository\org\apache\orc\orc-mapreduce\1.7.8\orc-mapreduce-1.7.8.jar;C:\Users\dev\.m2\repository\org\apache\hive\hive-storage-api\2.7.2\hive-storage-api-2.7.2.jar;C:\Users\dev\.m2\repository\org\apache\parquet\parquet-column\1.12.2\parquet-column-1.12.2.jar;C:\Users\dev\.m2\repository\org\apache\parquet\parquet-common\1.12.2\parquet-common-1.12.2.jar;C:\Users\dev\.m2\repository\org\apache\parquet\parquet-encoding\1.12.2\parquet-encoding-1.12.2.jar;C:\Users\dev\.m2\repository\org\apache\parquet\parquet-hadoop\1.12.2\parquet-hadoop-1.12.2.jar;C:\Users\dev\.m2\repository\org\apache\parquet\parquet-format-structures\1.12.2\parquet-format-structures-1.12.2.jar;C:\Users\dev\.m2\repository\org\apache\parquet\parquet-jackson\1.12.2\parquet-jackson-1.12.2.jar;C:\Users\dev\.m2\repository\org\apache\spark\spark-catalyst_2.12\3.3.2\spark-catalyst_2.12-3.3.2.jar;C:\Users\dev\.m2\repository\org\scala-lang\modules\scala-parser-combinators_2.12\1.1.2\scala-parser-combinators_2.12-1.1.2.jar;C:\Users\dev\.m2\repository\org\codehaus\janino\janino\3.0.16\janino-3.0.16.jar;C:\Users\dev\.m2\repository\org\codehaus\janino\commons-compiler\3.0.16\commons-compiler-3.0.16.jar;C:\Users\dev\.m2\repository\org\antlr\antlr4-runtime\4.8\antlr4-runtime-4.8.jar;C:\Users\dev\.m2\repository\org\apache\arrow\arrow-vector\7.0.0\arrow-vector-7.0.0.jar;C:\Users\dev\.m2\repository\org\apache\arrow\arrow-format\7.0.0\arrow-format-7.0.0.jar;C:\Users\dev\.m2\repository\org\apache\arrow\arrow-memory-core\7.0.0\arrow-memory-core-7.0.0.jar;C:\Users\dev\.m2\repository\com\google\flatbuffers\flatbuffers-java\1.12.0\flatbuffers-java-1.12.0.jar;C:\Users\dev\.m2\repository\org\apache\arrow\arrow-memory-netty\7.0.0\arrow-memory-netty-7.0.0.jar;C:\Users\dev\.m2\repository\org\apache\hadoop\hadoop-client-api\3.3.4\hadoop-client-api-3.3.4.jar;C:\Users\dev\.m2\repository\org\apache\hadoop\hadoop-client-runtime\3.3.4\hadoop-client-runtime-3.3.4.jar;C:\Users\dev\.m2\repository\commons-logging\commons-logging\1.1.3\commons-logging-1.1.3.jar;C:\Users\dev\.m2\repository\junit\junit\4.13.2\junit-4.13.2.jar;C:\Users\dev\.m2\repository\org\hamcrest\hamcrest-core\1.3\hamcrest-core-1.3.jar;"/>
    <property name="sun.cpu.endian" value="little"/>
    <property name="user.home" value="C:\Users\dev"/>
    <property name="user.language" value="en"/>
    <property name="java.specification.vendor" value="Oracle Corporation"/>
    <property name="java.home" value="C:\devtool\jdk8\jre"/>
    <property name="basedir" value="C:\projects\current\code\369\3692\spark_test"/>
    <property name="file.separator" value="\"/>
    <property name="line.separator" value="&#10;"/>
    <property name="java.vm.specification.vendor" value="Oracle Corporation"/>
    <property name="java.specification.name" value="Java Platform API Specification"/>
    <property name="java.awt.graphicsenv" value="sun.awt.Win32GraphicsEnvironment"/>
    <property name="sun.boot.class.path" value="C:\devtool\jdk8\jre\lib\resources.jar;C:\devtool\jdk8\jre\lib\rt.jar;C:\devtool\jdk8\jre\lib\jsse.jar;C:\devtool\jdk8\jre\lib\jce.jar;C:\devtool\jdk8\jre\lib\charsets.jar;C:\devtool\jdk8\jre\lib\jfr.jar;C:\devtool\jdk8\jre\classes"/>
    <property name="user.script" value=""/>
    <property name="sun.management.compiler" value="HotSpot 64-Bit Tiered Compilers"/>
    <property name="java.runtime.version" value="1.8.0_451-b10"/>
    <property name="user.name" value="dev"/>
    <property name="path.separator" value=";"/>
    <property name="os.version" value="10.0"/>
    <property name="java.endorsed.dirs" value="C:\devtool\jdk8\jre\lib\endorsed"/>
    <property name="java.runtime.name" value="Java(TM) SE Runtime Environment"/>
    <property name="file.encoding" value="Cp1252"/>
    <property name="java.vm.name" value="Java HotSpot(TM) 64-Bit Server VM"/>
    <property name="localRepository" value="C:\Users\dev\.m2\repository"/>
    <property name="java.vendor.url.bug" value="https://bugreport.sun.com/bugreport/"/>
    <property name="java.io.tmpdir" value="C:\Users\dev\AppData\Local\Temp\"/>
    <property name="java.version" value="1.8.0_451"/>
    <property name="user.dir" value="C:\projects\current\code\369\3692\spark_test"/>
    <property name="os.arch" value="amd64"/>
    <property name="java.vm.specification.name" value="Java Virtual Machine Specification"/>
    <property name="java.awt.printerjob" value="sun.awt.windows.WPrinterJob"/>
    <property name="sun.os.patch.level" value=""/>
    <property name="java.library.path" value="C:\devtool\jdk8\bin;C:\WINDOWS\Sun\Java\bin;C:\WINDOWS\system32;C:\WINDOWS;c:\devtool\jdk8\bin;c:\devtool\maven\bin;\C:\Program Files (x86)\Common Files\Oracle\Java\javapath;C:\devtool\jdk21\bin;C:\devtool\gradle\bin;C:\devtool\maven\bin;C:\Program Files\Microsoft SDKs\Azure\CLI2\wbin;C:\WINDOWS\system32;C:\WINDOWS;C:\WINDOWS\System32\Wbem;C:\WINDOWS\System32\WindowsPowerShell\v1.0\;C:\WINDOWS\System32\OpenSSH\;C:\Program Files (x86)\dotnet\;C:\Program Files\Git\cmd;C:\devtool\minikube;C:\devtool\python;C:\devtool\python\scripts;C:\devtool\nodejs;C:\Program Files\PuTTY\;;C:\Program Files\Docker\Docker\resources\bin;C:\Program Files\dotnet\;C:\Program Files (x86)\Gpg4win\..\GnuPG\bin;C:\Users\dev\AppData\Local\Microsoft\WindowsApps;C:\Users\dev\AppData\Local\Microsoft\WinGet\Packages\Schniz.fnm_Microsoft.Winget.Source_8wekyb3d8bbwe;C:\Users\dev\AppData\Local\Coursier\data\bin;C:\devtool\cursor\resources\app\bin;."/>
    <property name="java.vm.info" value="mixed mode"/>
    <property name="java.vendor" value="Oracle Corporation"/>
    <property name="java.vm.version" value="25.451-b10"/>
    <property name="java.specification.maintenance.version" value="6"/>
    <property name="java.ext.dirs" value="C:\devtool\jdk8\jre\lib\ext;C:\WINDOWS\Sun\Java\lib\ext"/>
    <property name="sun.io.unicode.encoding" value="UnicodeLittle"/>
    <property name="java.class.version" value="52.0"/>
  </properties>
  <testcase name="testSparkFunctionality" classname="ComponentTest" time="13.264">
    <system-out><![CDATA[25/10/17 02:16:04 INFO SparkContext: Running Spark version 3.3.2
25/10/17 02:16:04 WARN Shell: Did not find winutils.exe: java.io.FileNotFoundException: java.io.FileNotFoundException: HADOOP_HOME and hadoop.home.dir are unset. -see https://wiki.apache.org/hadoop/WindowsProblems
25/10/17 02:16:04 WARN NativeCodeLoader: Unable to load native-hadoop library for your platform... using builtin-java classes where applicable
25/10/17 02:16:04 INFO ResourceUtils: ==============================================================
25/10/17 02:16:04 INFO ResourceUtils: No custom resources configured for spark.driver.
25/10/17 02:16:04 INFO ResourceUtils: ==============================================================
25/10/17 02:16:04 INFO SparkContext: Submitted application: ComponentTest
25/10/17 02:16:04 INFO ResourceProfile: Default ResourceProfile created, executor resources: Map(cores -> name: cores, amount: 1, script: , vendor: , memory -> name: memory, amount: 1024, script: , vendor: , offHeap -> name: offHeap, amount: 0, script: , vendor: ), task resources: Map(cpus -> name: cpus, amount: 1.0)
25/10/17 02:16:04 INFO ResourceProfile: Limiting resource is cpu
25/10/17 02:16:04 INFO ResourceProfileManager: Added ResourceProfile id: 0
25/10/17 02:16:04 INFO SecurityManager: Changing view acls to: dev
25/10/17 02:16:04 INFO SecurityManager: Changing modify acls to: dev
25/10/17 02:16:04 INFO SecurityManager: Changing view acls groups to: 
25/10/17 02:16:04 INFO SecurityManager: Changing modify acls groups to: 
25/10/17 02:16:04 INFO SecurityManager: SecurityManager: authentication disabled; ui acls disabled; users  with view permissions: Set(dev); groups with view permissions: Set(); users  with modify permissions: Set(dev); groups with modify permissions: Set()
25/10/17 02:16:06 INFO Utils: Successfully started service 'sparkDriver' on port 59752.
25/10/17 02:16:06 INFO SparkEnv: Registering MapOutputTracker
25/10/17 02:16:06 INFO SparkEnv: Registering BlockManagerMaster
25/10/17 02:16:06 INFO BlockManagerMasterEndpoint: Using org.apache.spark.storage.DefaultTopologyMapper for getting topology information
25/10/17 02:16:06 INFO BlockManagerMasterEndpoint: BlockManagerMasterEndpoint up
25/10/17 02:16:06 INFO SparkEnv: Registering BlockManagerMasterHeartbeat
25/10/17 02:16:06 INFO DiskBlockManager: Created local directory at C:\Users\dev\AppData\Local\Temp\blockmgr-798831f0-dcfe-4fb9-939e-a53f9aa0ab61
25/10/17 02:16:06 INFO MemoryStore: MemoryStore started with capacity 912.3 MiB
25/10/17 02:16:06 INFO SparkEnv: Registering OutputCommitCoordinator
25/10/17 02:16:06 INFO Utils: Successfully started service 'SparkUI' on port 4040.
25/10/17 02:16:07 INFO Executor: Starting executor ID driver on host 192.168.1.3
25/10/17 02:16:07 INFO Executor: Starting executor with user classpath (userClassPathFirst = false): ''
25/10/17 02:16:07 INFO Utils: Successfully started service 'org.apache.spark.network.netty.NettyBlockTransferService' on port 59763.
25/10/17 02:16:07 INFO NettyBlockTransferService: Server created on 192.168.1.3:59763
25/10/17 02:16:07 INFO BlockManager: Using org.apache.spark.storage.RandomBlockReplicationPolicy for block replication policy
25/10/17 02:16:07 INFO BlockManagerMaster: Registering BlockManager BlockManagerId(driver, 192.168.1.3, 59763, None)
25/10/17 02:16:07 INFO BlockManagerMasterEndpoint: Registering block manager 192.168.1.3:59763 with 912.3 MiB RAM, BlockManagerId(driver, 192.168.1.3, 59763, None)
25/10/17 02:16:07 INFO BlockManagerMaster: Registered BlockManager BlockManagerId(driver, 192.168.1.3, 59763, None)
25/10/17 02:16:07 INFO BlockManager: Initialized BlockManager: BlockManagerId(driver, 192.168.1.3, 59763, None)
Spark Version: 3.3.2
******* 1 ******
Successfully loaded actual CSV file
******* 2 ******
Dataset schema:
root
 |-- id: string (nullable = true)
 |-- name: string (nullable = true)
 |-- value: string (nullable = true)
 |-- date: string (nullable = true)

Dataset content:
+---+---------+-----+----------+
| id|     name|value|      date|
+---+---------+-----+----------+
|  1|contract1| 1000|2023-01-01|
|  2|contract2| 2000|2023-01-02|
|  3|contract3| 3000|2023-01-03|
+---+---------+-----+----------+

Dataset count: 3
Test completed successfully!
SparkSession stopped successfully
]]></system-out>
    <system-err><![CDATA[Using Spark's default log4j profile: org/apache/spark/log4j2-defaults.properties
]]></system-err>
  </testcase>
  <testcase name="testBasicSql" classname="ComponentTest" time="1.019">
    <system-out><![CDATA[Spark Version: 3.3.2
******* 1 ******
Successfully loaded actual CSV file
******* 2 ******
+--------+------+
|greeting|number|
+--------+------+
|   Hello|   123|
+--------+------+

SparkSession stopped successfully
]]></system-out>
  </testcase>
</testsuite>